[debug] [2022-05-11T14:08:54.418Z] ----------------------------------------------------------------------
[debug] [2022-05-11T14:08:54.420Z] Command:       C:\Program Files\nodejs\node.exe C:\Users\MADHURJYA SAHA\AppData\Roaming\npm\node_modules\firebase-tools\lib\bin\firebase.js init
[debug] [2022-05-11T14:08:54.421Z] CLI Version:   10.2.0
[debug] [2022-05-11T14:08:54.421Z] Platform:      win32
[debug] [2022-05-11T14:08:54.421Z] Node Version:  v14.17.6
[debug] [2022-05-11T14:08:54.422Z] Time:          Wed May 11 2022 19:38:54 GMT+0530 (India Standard Time)
[debug] [2022-05-11T14:08:54.422Z] ----------------------------------------------------------------------
[debug] 
[debug] [2022-05-11T14:08:54.505Z] > command requires scopes: ["email","openid","https://www.googleapis.com/auth/cloudplatformprojects.readonly","https://www.googleapis.com/auth/firebase","https://www.googleapis.com/auth/cloud-platform"]
[debug] [2022-05-11T14:08:54.505Z] > authorizing via signed-in user (madhurjya.saha@gmail.com)
[info] 
     ######## #### ########  ######## ########     ###     ######  ########
     ##        ##  ##     ## ##       ##     ##  ##   ##  ##       ##
     ######    ##  ########  ######   ########  #########  ######  ######
     ##        ##  ##    ##  ##       ##     ## ##     ##       ## ##
     ##       #### ##     ## ######## ########  ##     ##  ######  ########

You're about to initialize a Firebase project in this directory:

  D:\WebDev Udemy Courses\React - the complete guide\14-Great Quotes React router

Before we get started, keep in mind:

  * You are initializing within an existing Firebase project directory

[info] 
=== Project Setup
[info] 
[info] First, let's associate this project directory with a Firebase project.
[info] You can create multiple project aliases by running firebase use --add, 
[info] but for now we'll just set up a default project.
[info] 
[debug] [2022-05-11T14:09:26.218Z] Using project from CLI flag: react-http-2ead6
[debug] [2022-05-11T14:09:26.222Z] >>> [apiv2][query] GET https://firebase.googleapis.com/v1beta1/projects/react-http-2ead6 [none]
[debug] [2022-05-11T14:09:26.836Z] <<< [apiv2][status] GET https://firebase.googleapis.com/v1beta1/projects/react-http-2ead6 200
[debug] [2022-05-11T14:09:26.836Z] <<< [apiv2][body] GET https://firebase.googleapis.com/v1beta1/projects/react-http-2ead6 {"projectId":"react-http-2ead6","projectNumber":"658941154414","displayName":"react-http","name":"projects/react-http-2ead6","resources":{"hostingSite":"react-http-2ead6","realtimeDatabaseInstance":"react-http-2ead6-default-rtdb"},"state":"ACTIVE"}
[info] i  Using project react-http-2ead6 (react-http) 
[info] 
=== Hosting Setup
[info] 
[info] Your public directory is the folder (relative to your project directory) that
[info] will contain Hosting assets to be uploaded with firebase deploy. If you
[info] have a build process for your assets, use your build's output directory.
[info] 
[debug] [2022-05-11T14:12:51.450Z] >>> [apiv2][query] GET https://www.gstatic.com/firebasejs/releases.json [none]
[debug] [2022-05-11T14:12:51.679Z] <<< [apiv2][status] GET https://www.gstatic.com/firebasejs/releases.json 200
[debug] [2022-05-11T14:12:51.680Z] <<< [apiv2][body] GET https://www.gstatic.com/firebasejs/releases.json {"current":{"version":"9.8.1","browserURL":"https://www.gstatic.com/firebasejs/9.8.1/firebase.js","packageURL":"https://www.gstatic.com/firebasejs/9.8.1/firebase.tgz"},"live":{"version":"9.8","browserURL":"https://www.gstatic.com/firebasejs/live/9.8/firebase.js","packageURL":"https://www.gstatic.com/firebasejs/live/9.8/firebase.tgz"},"components":{"analytics":"https://www.gstatic.com/firebasejs/9.8.1/firebase-analytics.js","app":"https://www.gstatic.com/firebasejs/9.8.1/firebase-app.js","app-check":"https://www.gstatic.com/firebasejs/9.8.1/firebase-app-check.js","auth":"https://www.gstatic.com/firebasejs/9.8.1/firebase-auth.js","auth/cordova":"https://www.gstatic.com/firebasejs/9.8.1/firebase-auth/cordova.js","auth/react-native":"https://www.gstatic.com/firebasejs/9.8.1/firebase-auth/react-native.js","functions":"https://www.gstatic.com/firebasejs/9.8.1/firebase-functions.js","firestore":"https://www.gstatic.com/firebasejs/9.8.1/firebase-firestore.js","firestore/lite":"https://www.gstatic.com/firebasejs/9.8.1/firebase-firestore/lite.js","storage":"https://www.gstatic.com/firebasejs/9.8.1/firebase-storage.js","performance":"https://www.gstatic.com/firebasejs/9.8.1/firebase-performance.js","remote-config":"https://www.gstatic.com/firebasejs/9.8.1/firebase-remote-config.js","messaging":"https://www.gstatic.com/firebasejs/9.8.1/firebase-messaging.js","messaging/sw":"https://www.gstatic.com/firebasejs/9.8.1/firebase-messaging/sw.js","database":"https://www.gstatic.com/firebasejs/9.8.1/firebase-database.js","firestore.memory":"https://www.gstatic.com/firebasejs/9.8.1/firebase-firestore.memory.js"}}
[info] i  Skipping write of build/index.html 
[info] 
[info] i  Detected a .git folder at D:\WebDev Udemy Courses\React - the complete guide\14-Great Quotes React router 
[info] i  Authorizing with GitHub to upload your service account to a GitHub repository's secrets store. 
[info] 
[info] Visit this URL on this device to log in:
[info] https://github.com/login/oauth/authorize?client_id=89cf50f02ac6aaed3484&state=850810824&redirect_uri=http%3A%2F%2Flocalhost%3A9005&scope=read%3Auser%20repo%20public_repo
[info] 
[info] Waiting for authentication...
[debug] [2022-05-11T14:14:40.602Z] >>> HTTP REQUEST POST https://github.com/login/oauth/access_token  
 {"client_id":"89cf50f02ac6aaed3484","client_secret":"3330d14abc895d9a74d5f17cd7a00711fa2c5bf0","code":"9d9b26933fdaba57d845","redirect_uri":"http://localhost:9005","state":"850810824"}
[debug] [2022-05-11T14:14:41.223Z] <<< HTTP RESPONSE 200 {"server":"GitHub.com","date":"Wed, 11 May 2022 14:14:50 GMT","content-type":"application/json; charset=utf-8","transfer-encoding":"chunked","vary":"X-PJAX, X-PJAX-Container, Accept-Encoding, Accept, X-Requested-With","permissions-policy":"interest-cohort=()","etag":"W/\"836d0a368894d339fca008c51f96b218\"","cache-control":"max-age=0, private, must-revalidate","strict-transport-security":"max-age=31536000; includeSubdomains; preload","x-frame-options":"deny","x-content-type-options":"nosniff","x-xss-protection":"0","referrer-policy":"origin-when-cross-origin, strict-origin-when-cross-origin","expect-ct":"max-age=2592000, report-uri=\"https://api.github.com/_private/browser/errors\"","content-security-policy":"default-src 'none'; base-uri 'self'; block-all-mixed-content; child-src github.com/assets-cdn/worker/ gist.github.com/assets-cdn/worker/; connect-src 'self' uploads.github.com objects-origin.githubusercontent.com www.githubstatus.com collector.github.com raw.githubusercontent.com api.github.com github-cloud.s3.amazonaws.com github-production-repository-file-5c1aeb.s3.amazonaws.com github-production-upload-manifest-file-7fdce7.s3.amazonaws.com github-production-user-asset-6210df.s3.amazonaws.com cdn.optimizely.com logx.optimizely.com/v1/events translator.github.com *.actions.githubusercontent.com wss://*.actions.githubusercontent.com online.visualstudio.com/api/v1/locations github-production-repository-image-32fea6.s3.amazonaws.com github-production-release-asset-2e65be.s3.amazonaws.com insights.github.com wss://alive.github.com; font-src github.githubassets.com; form-action 'self' github.com gist.github.com objects-origin.githubusercontent.com; frame-ancestors 'none'; frame-src render.githubusercontent.com viewscreen.githubusercontent.com notebooks.githubusercontent.com; img-src 'self' data: github.githubassets.com identicons.github.com github-cloud.s3.amazonaws.com secured-user-images.githubusercontent.com/ *.githubusercontent.com; manifest-src 'self'; media-src github.com user-images.githubusercontent.com/; script-src github.githubassets.com; style-src 'unsafe-inline' github.githubassets.com; worker-src github.com/assets-cdn/worker/ gist.github.com/assets-cdn/worker/","x-github-request-id":"C85B:5079:565AA8:614887:627BC4DA"}
[debug] [2022-05-11T14:14:41.250Z] >>> [apiv2][query] GET https://api.github.com/user [none]
[debug] [2022-05-11T14:14:41.746Z] <<< [apiv2][status] GET https://api.github.com/user 200
[debug] [2022-05-11T14:14:41.747Z] <<< [apiv2][body] GET https://api.github.com/user {"login":"Madhurjya8","id":61597795,"node_id":"MDQ6VXNlcjYxNTk3Nzk1","avatar_url":"https://avatars.githubusercontent.com/u/61597795?v=4","gravatar_id":"","url":"https://api.github.com/users/Madhurjya8","html_url":"https://github.com/Madhurjya8","followers_url":"https://api.github.com/users/Madhurjya8/followers","following_url":"https://api.github.com/users/Madhurjya8/following{/other_user}","gists_url":"https://api.github.com/users/Madhurjya8/gists{/gist_id}","starred_url":"https://api.github.com/users/Madhurjya8/starred{/owner}{/repo}","subscriptions_url":"https://api.github.com/users/Madhurjya8/subscriptions","organizations_url":"https://api.github.com/users/Madhurjya8/orgs","repos_url":"https://api.github.com/users/Madhurjya8/repos","events_url":"https://api.github.com/users/Madhurjya8/events{/privacy}","received_events_url":"https://api.github.com/users/Madhurjya8/received_events","type":"User","site_admin":false,"name":"Madhurjya Saha","company":null,"blog":"","location":null,"email":null,"hireable":null,"bio":null,"twitter_username":null,"public_repos":8,"public_gists":0,"followers":0,"following":1,"created_at":"2020-02-28T17:48:52Z","updated_at":"2022-04-28T04:31:55Z","private_gists":0,"total_private_repos":4,"owned_private_repos":4,"disk_usage":4761,"collaborators":0,"two_factor_authentication":false,"plan":{"name":"free","space":976562499,"collaborators":0,"private_repos":10000}}
[info] 
[info] +  Success! Logged into GitHub as Madhurjya8 
[info] 
